<?xml version="1.0" encoding="UTF-8"?>
<!-- Generated by org.testng.reporters.JUnitReportReporter -->
<testsuite skipped="0" hostname="LAPTOP-SNDJT44S" name="com.seleniumtestproject.core.App" tests="1" failures="0" timestamp="22 Tem 2020 20:51:58 GMT" time="7.953" errors="0">
  <testcase name="loginTest" time="7.953" classname="com.seleniumtestproject.core.App"/>
</testsuite> <!-- com.seleniumtestproject.core.App -->
