<?xml version="1.0" encoding="UTF-8"?>
<!-- Generated by org.testng.reporters.JUnitReportReporter -->
<testsuite name="com.seleniumtestproject.core.TrendyolTest" tests="1" time="14.740" ignored="0" failures="0" timestamp="24 Tem 2020 08:14:39 GMT" skipped="0" hostname="LAPTOP-SNDJT44S" errors="0">
  <testcase name="TesClasst" time="14.740" classname="com.seleniumtestproject.core.TrendyolTest"/>
</testsuite> <!-- com.seleniumtestproject.core.TrendyolTest -->
